gradle/app/build/intermediates/manifest_merge_blame_file/debug/manifest-merger-blame-debug-report.txt
1<?xml version="1.0" encoding="utf-8"?>
2<manifest xmlns:android="http://schemas.android.com/apk/res/android"
3    package="org.bibledit.android"
4    android:installLocation="auto"
5    android:versionCode="119"
6    android:versionName="5.0.896" >
7
8    <uses-sdk
9        android:minSdkVersion="18"
9-->src/main/AndroidManifest.xml
10        android:targetSdkVersion="28" />
10-->src/main/AndroidManifest.xml
11
12    <uses-permission android:name="android.permission.WRITE_EXTERNAL_STORAGE" />
12-->src/main/AndroidManifest.xml:8:5-81
12-->src/main/AndroidManifest.xml:8:22-78
13    <uses-permission android:name="android.permission.INTERNET" />
13-->src/main/AndroidManifest.xml:9:5-67
13-->src/main/AndroidManifest.xml:9:22-64
14    <uses-permission android:name="android.permission.ACCESS_NETWORK_STATE" />
14-->src/main/AndroidManifest.xml:10:5-79
14-->src/main/AndroidManifest.xml:10:22-76
15
16    <!-- Some Chromebooks don't support touch. -->
17    <!-- It is not essential but still it's good to explicitly state that it does not require touch. -->
18    <uses-feature
18-->src/main/AndroidManifest.xml:14:5-90
19        android:name="android.hardware.touchscreen"
19-->src/main/AndroidManifest.xml:14:19-62
20        android:required="false" />
20-->src/main/AndroidManifest.xml:14:63-87
21
22    <supports-screens
22-->src/main/AndroidManifest.xml:16:5-22:11
23        android:anyDensity="true"
23-->src/main/AndroidManifest.xml:17:9-34
24        android:largeScreens="true"
24-->src/main/AndroidManifest.xml:18:9-36
25        android:normalScreens="true"
25-->src/main/AndroidManifest.xml:19:9-37
26        android:smallScreens="true"
26-->src/main/AndroidManifest.xml:20:9-36
27        android:xlargeScreens="true" />
27-->src/main/AndroidManifest.xml:21:9-37
28
29    <!--
30    Configuration to allow clear text:
31    https://developer.android.com/about/versions/pie/android-9.0-changes-28
32    https://stackoverflow.com/questions/45940861/android-8-cleartext-http-traffic-not-permitted
33    -->
34    <application
34-->src/main/AndroidManifest.xml:29:5-49:19
35        android:allowBackup="false"
35-->src/main/AndroidManifest.xml:30:9-36
36        android:appComponentFactory="androidx.core.app.CoreComponentFactory"
36-->[androidx.core:core:1.1.0] AndroidManifest.xml:24:18-86
37        android:debuggable="true"
38        android:icon="@mipmap/ic_launcher"
38-->src/main/AndroidManifest.xml:31:9-43
39        android:label="@string/app_name"
39-->src/main/AndroidManifest.xml:32:9-41
40        android:roundIcon="@mipmap/ic_launcher_round"
40-->src/main/AndroidManifest.xml:33:9-54
41        android:supportsRtl="true"
41-->src/main/AndroidManifest.xml:34:9-35
42        android:testOnly="true"
43        android:theme="@style/AppTheme"
43-->src/main/AndroidManifest.xml:35:9-40
44        android:usesCleartextTraffic="true" >
44-->src/main/AndroidManifest.xml:36:9-44
45        <activity
45-->src/main/AndroidManifest.xml:38:9-48:20
46            android:name="org.bibledit.android.MainActivity"
46-->src/main/AndroidManifest.xml:39:13-41
47            android:configChanges="orientation|keyboardHidden|keyboard"
47-->src/main/AndroidManifest.xml:40:13-72
48            android:label="@string/app_name" >
48-->src/main/AndroidManifest.xml:41:13-45
49            <intent-filter>
49-->src/main/AndroidManifest.xml:43:13-47:29
50                <action android:name="android.intent.action.MAIN" />
50-->src/main/AndroidManifest.xml:44:17-69
50-->src/main/AndroidManifest.xml:44:25-66
51                <action android:name="android.intent.action.VIEW" />
51-->src/main/AndroidManifest.xml:45:17-69
51-->src/main/AndroidManifest.xml:45:25-66
52
53                <category android:name="android.intent.category.LAUNCHER" />
53-->src/main/AndroidManifest.xml:46:17-77
53-->src/main/AndroidManifest.xml:46:27-74
54            </intent-filter>
55        </activity>
56    </application>
57
58</manifest>